This is pdfTeX, Version 3.1415926-2.3-1.40.12 (MiKTeX 2.9) (preloaded format=pdflatex 2013.1.17)  4 FEB 2015 19:50
entering extended mode
**fastio.tex
(C:\Users\zhangzhi\Dropbox\iotlb\FastIO\FastIO\doc\paper\fastio.tex
LaTeX2e <2011/06/27>
Babel <v3.8m> and hyphenation patterns for english, afrikaans, ancientgreek, ar
abic, armenian, assamese, basque, bengali, bokmal, bulgarian, catalan, coptic, 
croatian, czech, danish, dutch, esperanto, estonian, farsi, finnish, french, ga
lician, german, german-x-2009-06-19, greek, gujarati, hindi, hungarian, iceland
ic, indonesian, interlingua, irish, italian, kannada, kurmanji, lao, latin, lat
vian, lithuanian, malayalam, marathi, mongolian, mongolianlmc, monogreek, ngerm
an, ngerman-x-2009-06-19, nynorsk, oriya, panjabi, pinyin, polish, portuguese, 
romanian, russian, sanskrit, serbian, slovak, slovenian, spanish, swedish, swis
sgerman, tamil, telugu, turkish, turkmen, ukenglish, ukrainian, uppersorbian, u
senglishmax, welsh, loaded.
("C:\Program Files\MiKTeX 2.9\tex\latex\base\article.cls"
Document Class: article 2007/10/19 v1.4h Standard LaTeX document class
("C:\Program Files\MiKTeX 2.9\tex\latex\base\size10.clo"
File: size10.clo 2007/10/19 v1.4h Standard LaTeX file (size option)
)
\c@part=\count79
\c@section=\count80
\c@subsection=\count81
\c@subsubsection=\count82
\c@paragraph=\count83
\c@subparagraph=\count84
\c@figure=\count85
\c@table=\count86
\abovecaptionskip=\skip41
\belowcaptionskip=\skip42
\bibindent=\dimen102
)
(C:\Users\zhangzhi\Dropbox\iotlb\FastIO\FastIO\doc\paper\usenix.sty
("C:\Program Files\MiKTeX 2.9\tex\latex\psnfss\mathptmx.sty"
Package: mathptmx 2005/04/12 PSNFSS-v9.2a Times w/ Math, improved (SPQR, WaS) 
LaTeX Font Info:    Redeclaring symbol font `operators' on input line 28.
LaTeX Font Info:    Overwriting symbol font `operators' in version `normal'
(Font)                  OT1/cmr/m/n --> OT1/ztmcm/m/n on input line 28.
LaTeX Font Info:    Overwriting symbol font `operators' in version `bold'
(Font)                  OT1/cmr/bx/n --> OT1/ztmcm/m/n on input line 28.
LaTeX Font Info:    Redeclaring symbol font `letters' on input line 29.
LaTeX Font Info:    Overwriting symbol font `letters' in version `normal'
(Font)                  OML/cmm/m/it --> OML/ztmcm/m/it on input line 29.
LaTeX Font Info:    Overwriting symbol font `letters' in version `bold'
(Font)                  OML/cmm/b/it --> OML/ztmcm/m/it on input line 29.
LaTeX Font Info:    Redeclaring symbol font `symbols' on input line 30.
LaTeX Font Info:    Overwriting symbol font `symbols' in version `normal'
(Font)                  OMS/cmsy/m/n --> OMS/ztmcm/m/n on input line 30.
LaTeX Font Info:    Overwriting symbol font `symbols' in version `bold'
(Font)                  OMS/cmsy/b/n --> OMS/ztmcm/m/n on input line 30.
LaTeX Font Info:    Redeclaring symbol font `largesymbols' on input line 31.
LaTeX Font Info:    Overwriting symbol font `largesymbols' in version `normal'
(Font)                  OMX/cmex/m/n --> OMX/ztmcm/m/n on input line 31.
LaTeX Font Info:    Overwriting symbol font `largesymbols' in version `bold'
(Font)                  OMX/cmex/m/n --> OMX/ztmcm/m/n on input line 31.
\symbold=\mathgroup4
\symitalic=\mathgroup5
LaTeX Font Info:    Redeclaring math alphabet \mathbf on input line 34.
LaTeX Font Info:    Overwriting math alphabet `\mathbf' in version `normal'
(Font)                  OT1/cmr/bx/n --> OT1/ptm/bx/n on input line 34.
LaTeX Font Info:    Overwriting math alphabet `\mathbf' in version `bold'
(Font)                  OT1/cmr/bx/n --> OT1/ptm/bx/n on input line 34.
LaTeX Font Info:    Redeclaring math alphabet \mathit on input line 35.
LaTeX Font Info:    Overwriting math alphabet `\mathit' in version `normal'
(Font)                  OT1/cmr/m/it --> OT1/ptm/m/it on input line 35.
LaTeX Font Info:    Overwriting math alphabet `\mathit' in version `bold'
(Font)                  OT1/cmr/bx/it --> OT1/ptm/m/it on input line 35.
LaTeX Info: Redefining \hbar on input line 50.
))
("C:\Program Files\MiKTeX 2.9\tex\latex\graphics\epsfig.sty"
Package: epsfig 1999/02/16 v1.7a (e)psfig emulation (SPQR)

("C:\Program Files\MiKTeX 2.9\tex\latex\graphics\graphicx.sty"
Package: graphicx 1999/02/16 v1.0f Enhanced LaTeX Graphics (DPC,SPQR)

("C:\Program Files\MiKTeX 2.9\tex\latex\graphics\keyval.sty"
Package: keyval 1999/03/16 v1.13 key=value parser (DPC)
\KV@toks@=\toks14
)
("C:\Program Files\MiKTeX 2.9\tex\latex\graphics\graphics.sty"
Package: graphics 2009/02/05 v1.0o Standard LaTeX Graphics (DPC,SPQR)

("C:\Program Files\MiKTeX 2.9\tex\latex\graphics\trig.sty"
Package: trig 1999/03/16 v1.09 sin cos tan (DPC)
)
("C:\Program Files\MiKTeX 2.9\tex\latex\00miktex\graphics.cfg"
File: graphics.cfg 2007/01/18 v1.5 graphics configuration of teTeX/TeXLive
)
Package graphics Info: Driver file: pdftex.def on input line 91.

("C:\Program Files\MiKTeX 2.9\tex\latex\pdftex-def\pdftex.def"
File: pdftex.def 2011/05/27 v0.06d Graphics/color for pdfTeX

("C:\Program Files\MiKTeX 2.9\tex\generic\oberdiek\infwarerr.sty"
Package: infwarerr 2010/04/08 v1.3 Providing info/warning/error messages (HO)
)
("C:\Program Files\MiKTeX 2.9\tex\generic\oberdiek\ltxcmds.sty"
Package: ltxcmds 2011/11/09 v1.22 LaTeX kernel commands for general use (HO)
)
\Gread@gobject=\count87
))
\Gin@req@height=\dimen103
\Gin@req@width=\dimen104
)
\epsfxsize=\dimen105
\epsfysize=\dimen106
)
("C:\Program Files\MiKTeX 2.9\tex\latex\endnotes\endnotes.sty"
\c@endnote=\count88
\endnotesep=\dimen107
\@enotes=\write3
)
("C:\Program Files\MiKTeX 2.9\tex\latex\tools\array.sty"
Package: array 2008/09/09 v2.4c Tabular extension package (FMi)
\col@sep=\dimen108
\extrarowheight=\dimen109
\NC@list=\toks15
\extratabsurround=\skip43
\backup@length=\skip44
)
("C:\Program Files\MiKTeX 2.9\tex\latex\subfigure\subfigure.sty"
Package: subfigure 2002/07/30 v2.1.4 subfigure package
\subfigtopskip=\skip45
\subfigcapskip=\skip46
\subfigcaptopadj=\dimen110
\subfigbottomskip=\skip47
\subfigcapmargin=\dimen111
\subfiglabelskip=\skip48
\c@subfigure=\count89
\c@lofdepth=\count90
\c@subtable=\count91
\c@lotdepth=\count92

****************************************
* Local config file subfigure.cfg used *
****************************************
("C:\Program Files\MiKTeX 2.9\tex\latex\subfigure\subfigure.cfg")
\subfig@top=\skip49
\subfig@bottom=\skip50
)
("C:\Program Files\MiKTeX 2.9\tex\latex\ulem\ulem.sty"
\UL@box=\box26
\UL@hyphenbox=\box27
\UL@skip=\skip51
\UL@hook=\toks16
\UL@height=\dimen112
\UL@pe=\count93
\UL@pixel=\dimen113
\ULC@box=\box28
Package: ulem 2012/05/18
\ULdepth=\dimen114
)
("C:\Program Files\MiKTeX 2.9\tex\latex\multirow\multirow.sty"
\bigstrutjot=\dimen115
)
("C:\Program Files\MiKTeX 2.9\tex\latex\psnfss\pifont.sty"
Package: pifont 2005/04/12 PSNFSS-v9.2a Pi font support (SPQR) 
LaTeX Font Info:    Try loading font information for U+pzd on input line 63.

("C:\Program Files\MiKTeX 2.9\tex\latex\psnfss\upzd.fd"
File: upzd.fd 2001/06/04 font definitions for U/pzd.
)
LaTeX Font Info:    Try loading font information for U+psy on input line 64.

("C:\Program Files\MiKTeX 2.9\tex\latex\psnfss\upsy.fd"
File: upsy.fd 2001/06/04 font definitions for U/psy.
))
("C:\Program Files\MiKTeX 2.9\tex\latex\graphics\color.sty"
Package: color 2005/11/14 v1.0j Standard LaTeX Color (DPC)

("C:\Program Files\MiKTeX 2.9\tex\latex\00miktex\color.cfg"
File: color.cfg 2007/01/18 v1.5 color configuration of teTeX/TeXLive
)
Package color Info: Driver file: pdftex.def on input line 130.
)
("C:\Program Files\MiKTeX 2.9\tex\latex\tools\xspace.sty"
Package: xspace 2009/10/20 v1.13 Space after command names (DPC,MH)
)
("C:\Program Files\MiKTeX 2.9\tex\latex\sttools\flushend.sty"
Package: flushend 2014/04/24 v2.2 Balancing columns in twocolumn mode
\flushend@@lastskip@a=\skip52
\flushend@@lastskip@b=\skip53
\flushend@@lastskip@c=\skip54
\flushend@@penalty@a=\count94
\flushend@@lastkern@a=\dimen116
\var@@temp@spread=\dimen117
\var@@temp@a=\dimen118
\flushend@@page@rule=\dimen119
\flushend@@varbox@a=\box29
\flushend@@varbox@c=\box30
\flushend@@tempbox@a=\box31
\flushend@@tempbox@c=\box32
\@viper=\box33
\hold@viper=\box34
\atColsBreak=\toks17
\atColsEnd=\toks18

("C:\Program Files\MiKTeX 2.9\tex\latex\etoolbox\etoolbox.sty"
Package: etoolbox 2011/01/03 v2.1 e-TeX tools for LaTeX

("C:\Program Files\MiKTeX 2.9\tex\latex\misc\etex.sty"
Package: etex 1998/03/26 v2.0 eTeX basic definition package (PEB)
\et@xins=\count95
)
\etb@tempcnta=\count96
))
(C:\Users\zhangzhi\Dropbox\iotlb\FastIO\FastIO\doc\paper\fastio.aux

LaTeX Warning: Label `fig:subfig:a' multiply defined.


LaTeX Warning: Label `sub@fig:subfig:a' multiply defined.


LaTeX Warning: Label `fig:subfig:b' multiply defined.


LaTeX Warning: Label `sub@fig:subfig:b' multiply defined.

)
LaTeX Font Info:    Checking defaults for OML/cmm/m/it on input line 33.
LaTeX Font Info:    ... okay on input line 33.
LaTeX Font Info:    Checking defaults for T1/cmr/m/n on input line 33.
LaTeX Font Info:    ... okay on input line 33.
LaTeX Font Info:    Checking defaults for OT1/cmr/m/n on input line 33.
LaTeX Font Info:    ... okay on input line 33.
LaTeX Font Info:    Checking defaults for OMS/cmsy/m/n on input line 33.
LaTeX Font Info:    ... okay on input line 33.
LaTeX Font Info:    Checking defaults for OMX/cmex/m/n on input line 33.
LaTeX Font Info:    ... okay on input line 33.
LaTeX Font Info:    Checking defaults for U/cmr/m/n on input line 33.
LaTeX Font Info:    ... okay on input line 33.
LaTeX Font Info:    Try loading font information for OT1+ptm on input line 33.
 ("C:\Program Files\MiKTeX 2.9\tex\latex\psnfss\ot1ptm.fd"
File: ot1ptm.fd 2001/06/04 font definitions for OT1/ptm.
)
\big@size=\dimen120

("C:\Program Files\MiKTeX 2.9\tex\context\base\supp-pdf.mkii"
[Loading MPS to PDF converter (version 2006.09.02).]
\scratchcounter=\count97
\scratchdimen=\dimen121
\scratchbox=\box35
\nofMPsegments=\count98
\nofMParguments=\count99
\everyMPshowfont=\toks19
\MPscratchCnt=\count100
\MPscratchDim=\dimen122
\MPnumerator=\count101
\makeMPintoPDFobject=\count102
\everyMPtoPDFconversion=\toks20
)
LaTeX Font Info:    Font shape `OT1/ptm/bx/n' in size <14.4> not available
(Font)              Font shape `OT1/ptm/b/n' tried instead on input line 62.
LaTeX Font Info:    Try loading font information for OT1+ztmcm on input line 62
.
 ("C:\Program Files\MiKTeX 2.9\tex\latex\psnfss\ot1ztmcm.fd"
File: ot1ztmcm.fd 2000/01/03 Fontinst v1.801 font definitions for OT1/ztmcm.
)
LaTeX Font Info:    Try loading font information for OML+ztmcm on input line 62
.

("C:\Program Files\MiKTeX 2.9\tex\latex\psnfss\omlztmcm.fd"
File: omlztmcm.fd 2000/01/03 Fontinst v1.801 font definitions for OML/ztmcm.
)
LaTeX Font Info:    Try loading font information for OMS+ztmcm on input line 62
.

("C:\Program Files\MiKTeX 2.9\tex\latex\psnfss\omsztmcm.fd"
File: omsztmcm.fd 2000/01/03 Fontinst v1.801 font definitions for OMS/ztmcm.
)
LaTeX Font Info:    Try loading font information for OMX+ztmcm on input line 62
.

("C:\Program Files\MiKTeX 2.9\tex\latex\psnfss\omxztmcm.fd"
File: omxztmcm.fd 2000/01/03 Fontinst v1.801 font definitions for OMX/ztmcm.
)
LaTeX Font Info:    Font shape `OT1/ptm/bx/n' in size <12> not available
(Font)              Font shape `OT1/ptm/b/n' tried instead on input line 62.
LaTeX Font Info:    Font shape `OT1/ptm/bx/n' in size <9> not available
(Font)              Font shape `OT1/ptm/b/n' tried instead on input line 62.
LaTeX Font Info:    Font shape `OT1/ptm/bx/n' in size <7> not available
(Font)              Font shape `OT1/ptm/b/n' tried instead on input line 62.

(C:\Users\zhangzhi\Dropbox\iotlb\FastIO\FastIO\doc\paper\intro.tex
LaTeX Font Info:    Font shape `OT1/ptm/bx/n' in size <10> not available
(Font)              Font shape `OT1/ptm/b/n' tried instead on input line 2.


LaTeX Warning: Citation `XEN-SOSP03' on page 1 undefined on input line 2.


LaTeX Warning: Citation `denali-paravirtualization' on page 1 undefined on inpu
t line 2.


LaTeX Warning: Citation `XEN-SOSP03' on page 1 undefined on input line 2.


LaTeX Warning: Citation `disaggregation' on page 1 undefined on input line 3.


LaTeX Warning: Citation `amdvt' on page 1 undefined on input line 4.


LaTeX Warning: Citation `intelvt' on page 1 undefined on input line 4.

LaTeX Font Info:    Font shape `OT1/ptm/bx/n' in size <7.4> not available
(Font)              Font shape `OT1/ptm/b/n' tried instead on input line 10.
LaTeX Font Info:    Font shape `OT1/ptm/bx/n' in size <6> not available
(Font)              Font shape `OT1/ptm/b/n' tried instead on input line 10.
LaTeX Font Info:    Font shape `OT1/ptm/bx/n' in size <8> not available
(Font)              Font shape `OT1/ptm/b/n' tried instead on input line 10.
LaTeX Font Info:    Font shape `OT1/ptm/bx/n' in size <5> not available
(Font)              Font shape `OT1/ptm/b/n' tried instead on input line 10.
[1{C:/ProgramData/MiKTeX/2.9/pdftex/config/pdftex.map}


]

LaTeX Warning: Reference `sec:preli' on page 2 undefined on input line 45.


LaTeX Warning: Reference `sec:implement' on page 2 undefined on input line 45.


LaTeX Warning: Reference `sec:eva' on page 2 undefined on input line 45.


LaTeX Warning: Reference `sec:dis' on page 2 undefined on input line 45.


LaTeX Warning: Reference `sec:related' on page 2 undefined on input line 45.


LaTeX Warning: Reference `sec:con' on page 2 undefined on input line 45.

) (C:\Users\zhangzhi\Dropbox\iotlb\FastIO\FastIO\doc\paper\background.tex

LaTeX Warning: Citation `XEN-SOSP03' on page 2 undefined on input line 5.


LaTeX Warning: Citation `x86-pv-model' on page 2 undefined on input line 5.


LaTeX Warning: Reference `sec:moti' on page 2 undefined on input line 6.

<image/background/address-translation.png, id=8, 542.5068pt x 143.0946pt>
File: image/background/address-translation.png Graphic file (type png)

<use image/background/address-translation.png>
Package pdftex.def Info: image/background/address-translation.png used on input
 line 21.
(pdftex.def)             Requested size: 234.87749pt x 61.95305pt.

Overfull \hbox (9.03374pt too wide) in paragraph at lines 21--21
 [][] 
 []


Underfull \hbox (badness 1275) in paragraph at lines 28--32
 \OT1/ptm/b/n/10 Sege-men-ta-tion De-scrip-tor Ta-ble[] \OT1/ptm/m/n/10 Each lo
g-i-cal ad-
 []

[2]
Underfull \hbox (badness 10000) in paragraph at lines 53--53
[]|\OT1/ptm/m/n/10 L\OT1/ptm/m/it/10 N \OT1/ptm/m/n/10 Page-
 []


Underfull \hbox (badness 1215) in paragraph at lines 53--53
[]|\OT1/ptm/m/n/10 Pages used as a page ta-ble
 []


Underfull \hbox (badness 10000) in paragraph at lines 54--54
[]|\OT1/ptm/m/n/10 Segment
 []


Underfull \hbox (badness 10000) in paragraph at lines 54--54
\OT1/ptm/m/n/10 De-scrip-tor
 []


Underfull \hbox (badness 3229) in paragraph at lines 54--54
[]|\OT1/ptm/m/n/10 Pages used as part of the
 []


Underfull \hbox (badness 10000) in paragraph at lines 55--55
[]|\OT1/ptm/m/n/10 Writable
 []

<image/background/page-type-updates.png, id=13, 320.8788pt x 238.0092pt>
File: image/background/page-type-updates.png Graphic file (type png)

<use image/background/page-type-updates.png>
Package pdftex.def Info: image/background/page-type-updates.png used on input l
ine 94.
(pdftex.def)             Requested size: 211.3883pt x 156.796pt.


LaTeX Warning: Citation `directio' on page 3 undefined on input line 102.


Underfull \hbox (badness 10000) in paragraph at lines 102--108
\OT1/ptm/m/n/10 The in-put/output mem-ory man-age-ment unit
 []


Underfull \hbox (badness 1337) in paragraph at lines 102--108
\OT1/ptm/m/n/10 full ac-cess per-mis-sions, while the page-table pages
 []

[3 <C:/Users/zhangzhi/Dropbox/iotlb/FastIO/FastIO/doc/paper/image/background/ad
dress-translation.png>]
<image/background/DMA-IOTLB-translation.png, id=18, 473.1276pt x 74.1972pt>
File: image/background/DMA-IOTLB-translation.png Graphic file (type png)

<use image/background/DMA-IOTLB-translation.png>
Package pdftex.def Info: image/background/DMA-IOTLB-translation.png used on inp
ut line 120.
(pdftex.def)             Requested size: 234.87749pt x 36.83357pt.

<image/background/DMA-pt-translation.png, id=19, 523.7166pt x 105.0324pt>
File: image/background/DMA-pt-translation.png Graphic file (type png)

<use image/background/DMA-pt-translation.png>
Package pdftex.def Info: image/background/DMA-pt-translation.png used on input 
line 124.
(pdftex.def)             Requested size: 234.87749pt x 47.10547pt.

Overfull \hbox (11.53374pt too wide) in paragraph at lines 120--125
 [][] 
 []


Overfull \hbox (11.53374pt too wide) in paragraph at lines 120--125
 [] 
 []


LaTeX Warning: Citation `intelvt' on page 4 undefined on input line 131.

) (C:\Users\zhangzhi\Dropbox\iotlb\FastIO\FastIO\doc\paper\motivation.tex
<image/background/wr2pt.png, id=20, 516.0078pt x 319.4334pt>
File: image/background/wr2pt.png Graphic file (type png)

<use image/background/wr2pt.png>
Package pdftex.def Info: image/background/wr2pt.png used on input line 23.
(pdftex.def)             Requested size: 234.87749pt x 145.4009pt.

Overfull \hbox (9.03374pt too wide) in paragraph at lines 23--23
 [][] 
 []

) (C:\Users\zhangzhi\Dropbox\iotlb\FastIO\FastIO\doc\paper\prob.tex)
(C:\Users\zhangzhi\Dropbox\iotlb\FastIO\FastIO\doc\paper\overview.tex [4 <C:/Us
ers/zhangzhi/Dropbox/iotlb/FastIO/FastIO/doc/paper/image/background/page-type-u
pdates.png> <C:/Users/zhangzhi/Dropbox/iotlb/FastIO/FastIO/doc/paper/image/back
ground/DMA-IOTLB-translation.png> <C:/Users/zhangzhi/Dropbox/iotlb/FastIO/FastI
O/doc/paper/image/background/DMA-pt-translation.png>]
Underfull \hbox (badness 1946) in paragraph at lines 22--25
[]\OT1/ptm/m/n/10 R1) Re-tain-ing se-cu-rity. IO-SUP aims at re-duc-
 []

<image/overview/overview.png, id=27, 484.209pt x 406.6392pt>
File: image/overview/overview.png Graphic file (type png)

<use image/overview/overview.png>
Package pdftex.def Info: image/overview/overview.png used on input line 31.
(pdftex.def)             Requested size: 234.87749pt x 197.2508pt.

Overfull \hbox (9.03374pt too wide) in paragraph at lines 31--31
 [][] 
 []


Underfull \hbox (badness 1275) in paragraph at lines 38--39
\OT1/ptm/m/n/10 As re-vealed in pre-vi-ous sec-tions, ac-cess con-trol to
 []


<image/overview/page-type-updates-with-cache-flag.png, id=28, 647.5392pt x 242.
8272pt>
File: image/overview/page-type-updates-with-cache-flag.png Graphic file (type p
ng)
 <use image/overview/page-type-updates-with-cache-flag.png>
Package pdftex.def Info: image/overview/page-type-updates-with-cache-flag.png u
sed on input line 44.
(pdftex.def)             Requested size: 234.87749pt x 88.07726pt.

Overfull \hbox (9.03374pt too wide) in paragraph at lines 44--44
 [][] 
 []

[5 <C:/Users/zhangzhi/Dropbox/iotlb/FastIO/FastIO/doc/paper/image/background/wr
2pt.png> <C:/Users/zhangzhi/Dropbox/iotlb/FastIO/FastIO/doc/paper/image/overvie
w/overview.png>]

LaTeX Warning: Reference `sec:eva' on page 6 undefined on input line 59.

) (C:\Users\zhangzhi\Dropbox\iotlb\FastIO\FastIO\doc\paper\implementation.tex
[6 <C:/Users/zhangzhi/Dropbox/iotlb/FastIO/FastIO/doc/paper/image/overview/page
-type-updates-with-cache-flag.png>]
<image/implementation/field-of-page-type-info.png, id=41, 517.935pt x 80.4606pt
>
File: image/implementation/field-of-page-type-info.png Graphic file (type png)
 <use image/implementation/field-of-page-type-info.png>
Package pdftex.def Info: image/implementation/field-of-page-type-info.png used 
on input line 20.
(pdftex.def)             Requested size: 234.87749pt x 36.48808pt.

<image/implementation/field-of-page-type-info-with-cache-flag.png, id=42, 517.9
35pt x 79.9788pt>
File: image/implementation/field-of-page-type-info-with-cache-flag.png Graphic 
file (type png)

<use image/implementation/field-of-page-type-info-with-cache-flag.png>
Package pdftex.def Info: image/implementation/field-of-page-type-info-with-cach
e-flag.png used on input line 24.
(pdftex.def)             Requested size: 234.87749pt x 36.26959pt.

Overfull \hbox (11.53374pt too wide) in paragraph at lines 20--25
 [][] 
 []


Overfull \hbox (11.53374pt too wide) in paragraph at lines 20--25
 [] 
 []

)
No file fastio.bbl.
- LAST -
Extra skip:6.58125pt
Left:460.58125pt/2.16492pt
Right:454.0pt/0.1399pt
Output:460.58125pt
[7 <C:/Users/zhangzhi/Dropbox/iotlb/FastIO/FastIO/doc/paper/image/implementatio
n/field-of-page-type-info.png> <C:/Users/zhangzhi/Dropbox/iotlb/FastIO/FastIO/d
oc/paper/image/implementation/field-of-page-type-info-with-cache-flag.png>]
(C:\Users\zhangzhi\Dropbox\iotlb\FastIO\FastIO\doc\paper\fastio.aux)

LaTeX Warning: There were undefined references.


LaTeX Warning: There were multiply-defined labels.

 ) 
Here is how much of TeX's memory you used:
 2302 strings out of 494045
 32869 string characters out of 3148378
 93772 words of memory out of 3000000
 5518 multiletter control sequences out of 15000+200000
 42591 words of font info for 86 fonts, out of 3000000 for 9000
 715 hyphenation exceptions out of 8191
 34i,10n,24p,1563b,262s stack positions out of 5000i,500n,10000p,200000b,50000s
{C:/Program Files/MiKTeX 2.9/fonts/enc/dvips/fontname/8r.enc}<C:/Program File
s/MiKTeX 2.9/fonts/type1/public/amsfonts/cm/cmr10.pfb><C:/Program Files/MiKTeX 
2.9/fonts/type1/public/amsfonts/cm/cmsy10.pfb><C:/Program Files/MiKTeX 2.9/font
s/type1/urw/symbol/usyr.pfb><C:/Program Files/MiKTeX 2.9/fonts/type1/urw/times/
utmb8a.pfb><C:/Program Files/MiKTeX 2.9/fonts/type1/urw/times/utmr8a.pfb><C:/Pr
ogram Files/MiKTeX 2.9/fonts/type1/urw/times/utmri8a.pfb>
Output written on fastio.pdf (7 pages, 264378 bytes).
PDF statistics:
 70 PDF objects out of 1000 (max. 8388607)
 0 named destinations out of 1000 (max. 500000)
 46 words of extra memory for PDF output out of 10000 (max. 10000000)

