This is pdfTeX, Version 3.1415926-2.3-1.40.12 (MiKTeX 2.9) (preloaded format=pdflatex 2014.3.9)  18 JAN 2015 19:37
entering extended mode
**D:/documents/security/IOMMU_PV14/FastIO/doc/paper/paper_latex/fastio_v5/fasti
o.tex

(D:/documents/security/IOMMU_PV14/FastIO/doc/paper/paper_latex/fastio_v5/fastio
.tex
LaTeX2e <2011/06/27>
Babel <v3.8m> and hyphenation patterns for loaded.
(C:\CTEX\MiKTeX\tex\latex\base\article.cls
Document Class: article 2007/10/19 v1.4h Standard LaTeX document class
(C:\CTEX\MiKTeX\tex\latex\base\size10.clo
File: size10.clo 2007/10/19 v1.4h Standard LaTeX file (size option)
)
\c@part=\count79
\c@section=\count80
\c@subsection=\count81
\c@subsubsection=\count82
\c@paragraph=\count83
\c@subparagraph=\count84
\c@figure=\count85
\c@table=\count86
\abovecaptionskip=\skip41
\belowcaptionskip=\skip42
\bibindent=\dimen102
)
(D:\documents\security\IOMMU_PV14\FastIO\doc\paper\paper_latex\fastio_v5\usenix
.sty (C:\CTEX\MiKTeX\tex\latex\psnfss\mathptmx.sty
Package: mathptmx 2005/04/12 PSNFSS-v9.2a Times w/ Math, improved (SPQR, WaS) 
LaTeX Font Info:    Redeclaring symbol font `operators' on input line 28.
LaTeX Font Info:    Overwriting symbol font `operators' in version `normal'
(Font)                  OT1/cmr/m/n --> OT1/ztmcm/m/n on input line 28.
LaTeX Font Info:    Overwriting symbol font `operators' in version `bold'
(Font)                  OT1/cmr/bx/n --> OT1/ztmcm/m/n on input line 28.
LaTeX Font Info:    Redeclaring symbol font `letters' on input line 29.
LaTeX Font Info:    Overwriting symbol font `letters' in version `normal'
(Font)                  OML/cmm/m/it --> OML/ztmcm/m/it on input line 29.
LaTeX Font Info:    Overwriting symbol font `letters' in version `bold'
(Font)                  OML/cmm/b/it --> OML/ztmcm/m/it on input line 29.
LaTeX Font Info:    Redeclaring symbol font `symbols' on input line 30.
LaTeX Font Info:    Overwriting symbol font `symbols' in version `normal'
(Font)                  OMS/cmsy/m/n --> OMS/ztmcm/m/n on input line 30.
LaTeX Font Info:    Overwriting symbol font `symbols' in version `bold'
(Font)                  OMS/cmsy/b/n --> OMS/ztmcm/m/n on input line 30.
LaTeX Font Info:    Redeclaring symbol font `largesymbols' on input line 31.
LaTeX Font Info:    Overwriting symbol font `largesymbols' in version `normal'
(Font)                  OMX/cmex/m/n --> OMX/ztmcm/m/n on input line 31.
LaTeX Font Info:    Overwriting symbol font `largesymbols' in version `bold'
(Font)                  OMX/cmex/m/n --> OMX/ztmcm/m/n on input line 31.
\symbold=\mathgroup4
\symitalic=\mathgroup5
LaTeX Font Info:    Redeclaring math alphabet \mathbf on input line 34.
LaTeX Font Info:    Overwriting math alphabet `\mathbf' in version `normal'
(Font)                  OT1/cmr/bx/n --> OT1/ptm/bx/n on input line 34.
LaTeX Font Info:    Overwriting math alphabet `\mathbf' in version `bold'
(Font)                  OT1/cmr/bx/n --> OT1/ptm/bx/n on input line 34.
LaTeX Font Info:    Redeclaring math alphabet \mathit on input line 35.
LaTeX Font Info:    Overwriting math alphabet `\mathit' in version `normal'
(Font)                  OT1/cmr/m/it --> OT1/ptm/m/it on input line 35.
LaTeX Font Info:    Overwriting math alphabet `\mathit' in version `bold'
(Font)                  OT1/cmr/bx/it --> OT1/ptm/m/it on input line 35.
LaTeX Info: Redefining \hbar on input line 50.
))
(C:\CTEX\MiKTeX\tex\latex\graphics\epsfig.sty
Package: epsfig 1999/02/16 v1.7a (e)psfig emulation (SPQR)

(C:\CTEX\MiKTeX\tex\latex\graphics\graphicx.sty
Package: graphicx 1999/02/16 v1.0f Enhanced LaTeX Graphics (DPC,SPQR)

(C:\CTEX\MiKTeX\tex\latex\graphics\keyval.sty
Package: keyval 1999/03/16 v1.13 key=value parser (DPC)
\KV@toks@=\toks14
)
(C:\CTEX\MiKTeX\tex\latex\graphics\graphics.sty
Package: graphics 2009/02/05 v1.0o Standard LaTeX Graphics (DPC,SPQR)

(C:\CTEX\MiKTeX\tex\latex\graphics\trig.sty
Package: trig 1999/03/16 v1.09 sin cos tan (DPC)
)
(C:\CTEX\MiKTeX\tex\latex\00miktex\graphics.cfg
File: graphics.cfg 2007/01/18 v1.5 graphics configuration of teTeX/TeXLive
)
Package graphics Info: Driver file: pdftex.def on input line 91.

(C:\CTEX\MiKTeX\tex\latex\pdftex-def\pdftex.def
File: pdftex.def 2011/05/27 v0.06d Graphics/color for pdfTeX

(C:\CTEX\MiKTeX\tex\generic\oberdiek\infwarerr.sty
Package: infwarerr 2010/04/08 v1.3 Providing info/warning/message (HO)
)
(C:\CTEX\MiKTeX\tex\generic\oberdiek\ltxcmds.sty
Package: ltxcmds 2011/04/18 v1.20 LaTeX kernel commands for general use (HO)
)
\Gread@gobject=\count87
))
\Gin@req@height=\dimen103
\Gin@req@width=\dimen104
)
\epsfxsize=\dimen105
\epsfysize=\dimen106
)
(C:\CTEX\UserData\tex\latex\endnotes\endnotes.sty
\c@endnote=\count88
\endnotesep=\dimen107
\@enotes=\write3
)
(C:\CTEX\MiKTeX\tex\latex\tools\array.sty
Package: array 2008/09/09 v2.4c Tabular extension package (FMi)
\col@sep=\dimen108
\extrarowheight=\dimen109
\NC@list=\toks15
\extratabsurround=\skip43
\backup@length=\skip44
)
(C:\CTEX\UserData\tex\latex\subfigure\subfigure.sty
Package: subfigure 2002/07/30 v2.1.4 subfigure package
\subfigtopskip=\skip45
\subfigcapskip=\skip46
\subfigcaptopadj=\dimen110
\subfigbottomskip=\skip47
\subfigcapmargin=\dimen111
\subfiglabelskip=\skip48
\c@subfigure=\count89
\c@lofdepth=\count90
\c@subtable=\count91
\c@lotdepth=\count92

****************************************
* Local config file subfigure.cfg used *
****************************************
(C:\CTEX\UserData\tex\latex\subfigure\subfigure.cfg)
\subfig@top=\skip49
\subfig@bottom=\skip50
)
(C:\CTEX\MiKTeX\tex\latex\ulem\ulem.sty
\UL@box=\box26
\UL@hyphenbox=\box27
\UL@skip=\skip51
\UL@hook=\toks16
\UL@height=\dimen112
\UL@pe=\count93
\UL@pixel=\dimen113
\ULC@box=\box28
Package: ulem 2011/03/18
\ULdepth=\dimen114
)
(C:\CTEX\MiKTeX\tex\latex\multirow\multirow.sty
\bigstrutjot=\dimen115
)
(C:\CTEX\MiKTeX\tex\latex\psnfss\pifont.sty
Package: pifont 2005/04/12 PSNFSS-v9.2a Pi font support (SPQR) 
LaTeX Font Info:    Try loading font information for U+pzd on input line 63.

(C:\CTEX\MiKTeX\tex\latex\psnfss\upzd.fd
File: upzd.fd 2001/06/04 font definitions for U/pzd.
)
LaTeX Font Info:    Try loading font information for U+psy on input line 64.

(C:\CTEX\MiKTeX\tex\latex\psnfss\upsy.fd
File: upsy.fd 2001/06/04 font definitions for U/psy.
))
(C:\CTEX\MiKTeX\tex\latex\graphics\color.sty
Package: color 2005/11/14 v1.0j Standard LaTeX Color (DPC)

(C:\CTEX\MiKTeX\tex\latex\00miktex\color.cfg
File: color.cfg 2007/01/18 v1.5 color configuration of teTeX/TeXLive
)
Package color Info: Driver file: pdftex.def on input line 130.
)
(C:\CTEX\MiKTeX\tex\latex\tools\xspace.sty
Package: xspace 2009/10/20 v1.13 Space after command names (DPC,MH)
)
(D:\documents\security\IOMMU_PV14\FastIO\doc\paper\paper_latex\fastio_v5\fastio
.aux

LaTeX Warning: Label `fig:subfig:a' multiply defined.


LaTeX Warning: Label `sub@fig:subfig:a' multiply defined.


LaTeX Warning: Label `fig:subfig:b' multiply defined.


LaTeX Warning: Label `sub@fig:subfig:b' multiply defined.


LaTeX Warning: Label `fig:subfig:c' multiply defined.


LaTeX Warning: Label `sub@fig:subfig:c' multiply defined.


LaTeX Warning: Label `fig:subfig:a' multiply defined.


LaTeX Warning: Label `sub@fig:subfig:a' multiply defined.


LaTeX Warning: Label `fig:subfig:b' multiply defined.


LaTeX Warning: Label `sub@fig:subfig:b' multiply defined.


LaTeX Warning: Label `fig:subfig:c' multiply defined.


LaTeX Warning: Label `sub@fig:subfig:c' multiply defined.

)
LaTeX Font Info:    Checking defaults for OML/cmm/m/it on input line 33.
LaTeX Font Info:    ... okay on input line 33.
LaTeX Font Info:    Checking defaults for T1/cmr/m/n on input line 33.
LaTeX Font Info:    ... okay on input line 33.
LaTeX Font Info:    Checking defaults for OT1/cmr/m/n on input line 33.
LaTeX Font Info:    ... okay on input line 33.
LaTeX Font Info:    Checking defaults for OMS/cmsy/m/n on input line 33.
LaTeX Font Info:    ... okay on input line 33.
LaTeX Font Info:    Checking defaults for OMX/cmex/m/n on input line 33.
LaTeX Font Info:    ... okay on input line 33.
LaTeX Font Info:    Checking defaults for U/cmr/m/n on input line 33.
LaTeX Font Info:    ... okay on input line 33.
LaTeX Font Info:    Try loading font information for OT1+ptm on input line 33.
 (C:\CTEX\MiKTeX\tex\latex\psnfss\ot1ptm.fd
File: ot1ptm.fd 2001/06/04 font definitions for OT1/ptm.
)
\big@size=\dimen116

(C:\CTEX\MiKTeX\tex\context\base\supp-pdf.mkii
[Loading MPS to PDF converter (version 2006.09.02).]
\scratchcounter=\count94
\scratchdimen=\dimen117
\scratchbox=\box29
\nofMPsegments=\count95
\nofMParguments=\count96
\everyMPshowfont=\toks17
\MPscratchCnt=\count97
\MPscratchDim=\dimen118
\MPnumerator=\count98
\makeMPintoPDFobject=\count99
\everyMPtoPDFconversion=\toks18
)
LaTeX Font Info:    Font shape `OT1/ptm/bx/n' in size <14.4> not available
(Font)              Font shape `OT1/ptm/b/n' tried instead on input line 61.
LaTeX Font Info:    Try loading font information for OT1+ztmcm on input line 61
.
 (C:\CTEX\MiKTeX\tex\latex\psnfss\ot1ztmcm.fd
File: ot1ztmcm.fd 2000/01/03 Fontinst v1.801 font definitions for OT1/ztmcm.
)
LaTeX Font Info:    Try loading font information for OML+ztmcm on input line 61
.

(C:\CTEX\MiKTeX\tex\latex\psnfss\omlztmcm.fd
File: omlztmcm.fd 2000/01/03 Fontinst v1.801 font definitions for OML/ztmcm.
)
LaTeX Font Info:    Try loading font information for OMS+ztmcm on input line 61
.

(C:\CTEX\MiKTeX\tex\latex\psnfss\omsztmcm.fd
File: omsztmcm.fd 2000/01/03 Fontinst v1.801 font definitions for OMS/ztmcm.
)
LaTeX Font Info:    Try loading font information for OMX+ztmcm on input line 61
.

(C:\CTEX\MiKTeX\tex\latex\psnfss\omxztmcm.fd
File: omxztmcm.fd 2000/01/03 Fontinst v1.801 font definitions for OMX/ztmcm.
)
LaTeX Font Info:    Font shape `OT1/ptm/bx/n' in size <12> not available
(Font)              Font shape `OT1/ptm/b/n' tried instead on input line 61.
LaTeX Font Info:    Font shape `OT1/ptm/bx/n' in size <9> not available
(Font)              Font shape `OT1/ptm/b/n' tried instead on input line 61.
LaTeX Font Info:    Font shape `OT1/ptm/bx/n' in size <7> not available
(Font)              Font shape `OT1/ptm/b/n' tried instead on input line 61.

(D:\documents\security\IOMMU_PV14\FastIO\doc\paper\paper_latex\fastio_v5\intro.
tex
LaTeX Font Info:    Font shape `OT1/ptm/bx/n' in size <10> not available
(Font)              Font shape `OT1/ptm/b/n' tried instead on input line 9.


LaTeX Warning: Citation `xxx' on page 1 undefined on input line 9.


Underfull \hbox (badness 1275) in paragraph at lines 15--23
[]\OT1/ptm/m/n/10 I/O de-vices gen-er-ate in-ter-rupt-s to asyn-chronous-ly
 []

[1{C:/CTEX/UserData/pdftex/config/pdftex.map{Unicode.sfd}{UGBK.sfd}}


]

LaTeX Warning: Reference `sec:preli' on page 2 undefined on input line 41.


LaTeX Warning: Reference `sec:rationale' on page 2 undefined on input line 41.


LaTeX Warning: Reference `sec:overview' on page 2 undefined on input line 41.


LaTeX Warning: Reference `sec:implement' on page 2 undefined on input line 41.


LaTeX Warning: Reference `sec:dis' on page 2 undefined on input line 41.


LaTeX Warning: Reference `sec:related' on page 2 undefined on input line 41.


LaTeX Warning: Reference `sec:con' on page 2 undefined on input line 41.

)
(D:\documents\security\IOMMU_PV14\FastIO\doc\paper\paper_latex\fastio_v5\backgr
ound.tex <image/translation/log2lin.png, id=8, 516.9714pt x 315.0972pt>
File: image/translation/log2lin.png Graphic file (type png)

<use image/translation/log2lin.png>
Package pdftex.def Info: image/translation/log2lin.png used on input line 23.
(pdftex.def)             Requested size: 234.87749pt x 143.15788pt.

Overfull \hbox (9.03374pt too wide) in paragraph at lines 23--23
 [][] 
 []

<image/translation/lin2phy.png, id=10, 516.9714pt x 315.0972pt>
File: image/translation/lin2phy.png Graphic file (type png)

<use image/translation/lin2phy.png>
Package pdftex.def Info: image/translation/lin2phy.png used on input line 33.
(pdftex.def)             Requested size: 234.87749pt x 143.15788pt.

Overfull \hbox (9.03374pt too wide) in paragraph at lines 33--33
 [][] 
 []

[2]
Underfull \hbox (badness 1584) in paragraph at lines 54--55
\OT1/ptm/m/n/10 ta-ble), PGT[]l3[]page[]table (used as an L3 page ta-
 []

[3 <D:/documents/security/IOMMU_PV14/FastIO/doc/paper/paper_latex/fastio_v5/ima
ge/translation/log2lin.png> <D:/documents/security/IOMMU_PV14/FastIO/doc/paper/
paper_latex/fastio_v5/image/translation/lin2phy.png>]

LaTeX Warning: Reference `fig:dev2dom' on page 4 undefined on input line 63.

<image/translation/dev2dom.png, id=19, 516.9714pt x 315.0972pt>
File: image/translation/dev2dom.png Graphic file (type png)

<use image/translation/dev2dom.png>
Package pdftex.def Info: image/translation/dev2dom.png used on input line 68.
(pdftex.def)             Requested size: 234.87749pt x 143.15788pt.

Overfull \hbox (9.03374pt too wide) in paragraph at lines 68--68
 [][] 
 []


LaTeX Warning: Reference `fig:gpa2ma' on page 4 undefined on input line 75.


Underfull \hbox (badness 1275) in paragraph at lines 75--76
[]\OT1/ptm/m/n/10 Multi-level, page-table-base struc-tures trans-lates a
 []

<image/translation/gpa2ma.png, id=20, 516.9714pt x 315.0972pt>
File: image/translation/gpa2ma.png Graphic file (type png)

<use image/translation/gpa2ma.png>
Package pdftex.def Info: image/translation/gpa2ma.png used on input line 80.
(pdftex.def)             Requested size: 234.87749pt x 143.15788pt.

Overfull \hbox (9.03374pt too wide) in paragraph at lines 80--80
 [][] 
 []

)
(D:\documents\security\IOMMU_PV14\FastIO\doc\paper\paper_latex\fastio_v5\motiva
tion.tex
LaTeX Font Info:    Font shape `OT1/ptm/bx/n' in size <7.4> not available
(Font)              Font shape `OT1/ptm/b/n' tried instead on input line 4.
LaTeX Font Info:    Font shape `OT1/ptm/bx/n' in size <6> not available
(Font)              Font shape `OT1/ptm/b/n' tried instead on input line 4.
 [4 <D:/documents/security/IOMMU_PV14/FastIO/doc/paper/paper_latex/fastio_v5/im
age/translation/dev2dom.png> <D:/documents/security/IOMMU_PV14/FastIO/doc/paper
/paper_latex/fastio_v5/image/translation/gpa2ma.png>]
<image/translation/wr2pt.png, id=26, 516.9714pt x 315.0972pt>
File: image/translation/wr2pt.png Graphic file (type png)

<use image/translation/wr2pt.png>
Package pdftex.def Info: image/translation/wr2pt.png used on input line 22.
(pdftex.def)             Requested size: 234.87749pt x 143.15788pt.

Overfull \hbox (9.03374pt too wide) in paragraph at lines 22--22
 [][] 
 []

)
(D:\documents\security\IOMMU_PV14\FastIO\doc\paper\paper_latex\fastio_v5\prob.t
ex)
(D:\documents\security\IOMMU_PV14\FastIO\doc\paper\paper_latex\fastio_v5\evalua
tion.tex
Underfull \vbox (badness 1292) has occurred while \output is active []


Underfull \hbox (badness 4699) in paragraph at lines 26--27
[]\OT1/ptm/m/n/10 Besides that, we have been aware that cre-at-
 []


Underfull \hbox (badness 1571) in paragraph at lines 26--27
\OT1/ptm/m/n/10 ta-ble up-dates (e.g., from a page of Writable to a
 []

[5 <D:/documents/security/IOMMU_PV14/FastIO/doc/paper/paper_latex/fastio_v5/ima
ge/translation/wr2pt.png>]
<image/micro/iotlbflush.png, id=33, 648.9846pt x 381.1038pt>
File: image/micro/iotlbflush.png Graphic file (type png)

<use image/micro/iotlbflush.png>
Package pdftex.def Info: image/micro/iotlbflush.png used on input line 43.
(pdftex.def)             Requested size: 234.87749pt x 137.92996pt.

Overfull \hbox (9.03374pt too wide) in paragraph at lines 43--43
 [][] 
 []

<image/micro/PGDtime.png, id=34, 683.1924pt x 386.8854pt>
File: image/micro/PGDtime.png Graphic file (type png)

<use image/micro/PGDtime.png>
Package pdftex.def Info: image/micro/PGDtime.png used on input line 54.
(pdftex.def)             Requested size: 234.87749pt x 133.00923pt.

<image/micro/PMDtime.png, id=35, 665.8476pt x 363.759pt>
File: image/micro/PMDtime.png Graphic file (type png)

<use image/micro/PMDtime.png>
Package pdftex.def Info: image/micro/PMDtime.png used on input line 58.
(pdftex.def)             Requested size: 234.87749pt x 128.3111pt.

<image/micro/PTEtime.png, id=36, 660.5478pt x 363.759pt>
File: image/micro/PTEtime.png Graphic file (type png)

<use image/micro/PTEtime.png>
Package pdftex.def Info: image/micro/PTEtime.png used on input line 62.
(pdftex.def)             Requested size: 234.87749pt x 129.34349pt.

Overfull \hbox (11.53374pt too wide) in paragraph at lines 54--63
 [][] 
 []


Overfull \hbox (11.53374pt too wide) in paragraph at lines 54--63
 [] 
 []


Overfull \hbox (11.53374pt too wide) in paragraph at lines 54--63
 [] 
 []

Missing character: There is no â in font ptmr7t!
Missing character: There is no € in font ptmr7t!
Missing character: There is no ™ in font ptmr7t!
<image/micro/pre_PGDpool.png, id=37, 506.3718pt x 337.7418pt>
File: image/micro/pre_PGDpool.png Graphic file (type png)

<use image/micro/pre_PGDpool.png>
Package pdftex.def Info: image/micro/pre_PGDpool.png used on input line 73.
(pdftex.def)             Requested size: 234.87749pt x 156.6618pt.

<image/micro/pre_PMDpool.png, id=38, 506.3718pt x 329.0694pt>
File: image/micro/pre_PMDpool.png Graphic file (type png)

<use image/micro/pre_PMDpool.png>
Package pdftex.def Info: image/micro/pre_PMDpool.png used on input line 77.
(pdftex.def)             Requested size: 234.87749pt x 152.63908pt.

<image/micro/pre_PTEpool.png, id=39, 512.1534pt x 337.7418pt>
File: image/micro/pre_PTEpool.png Graphic file (type png)

<use image/micro/pre_PTEpool.png>
Package pdftex.def Info: image/micro/pre_PTEpool.png used on input line 81.
(pdftex.def)             Requested size: 234.87749pt x 154.89413pt.

Overfull \hbox (11.53374pt too wide) in paragraph at lines 73--82
 [][] 
 []


Overfull \hbox (11.53374pt too wide) in paragraph at lines 73--82
 [] 
 []


Overfull \hbox (11.53374pt too wide) in paragraph at lines 73--82
 [] 
 []

[6 <D:/documents/security/IOMMU_PV14/FastIO/doc/paper/paper_latex/fastio_v5/ima
ge/micro/iotlbflush.png>] [7 <D:/documents/security/IOMMU_PV14/FastIO/doc/paper
/paper_latex/fastio_v5/image/micro/PGDtime.png> <D:/documents/security/IOMMU_PV
14/FastIO/doc/paper/paper_latex/fastio_v5/image/micro/PMDtime.png> <D:/document
s/security/IOMMU_PV14/FastIO/doc/paper/paper_latex/fastio_v5/image/micro/PTEtim
e.png> <D:/documents/security/IOMMU_PV14/FastIO/doc/paper/paper_latex/fastio_v5
/image/micro/pre_PGDpool.png> <D:/documents/security/IOMMU_PV14/FastIO/doc/pape
r/paper_latex/fastio_v5/image/micro/pre_PMDpool.png> <D:/documents/security/IOM
MU_PV14/FastIO/doc/paper/paper_latex/fastio_v5/image/micro/pre_PTEpool.png>]
<image/micro/dyn_PGDpool.png, id=56, 506.3718pt x 337.7418pt>
File: image/micro/dyn_PGDpool.png Graphic file (type png)

<use image/micro/dyn_PGDpool.png>
Package pdftex.def Info: image/micro/dyn_PGDpool.png used on input line 98.
(pdftex.def)             Requested size: 234.87749pt x 156.6618pt.

<image/micro/dyn_PMDpool.png, id=57, 506.3718pt x 337.7418pt>
File: image/micro/dyn_PMDpool.png Graphic file (type png)

<use image/micro/dyn_PMDpool.png>
Package pdftex.def Info: image/micro/dyn_PMDpool.png used on input line 102.
(pdftex.def)             Requested size: 234.87749pt x 156.6618pt.

<image/micro/dyn_PTEpool.png, id=58, 517.935pt x 337.7418pt>
File: image/micro/dyn_PTEpool.png Graphic file (type png)

<use image/micro/dyn_PTEpool.png>
Package pdftex.def Info: image/micro/dyn_PTEpool.png used on input line 106.
(pdftex.def)             Requested size: 234.87749pt x 153.16255pt.

Overfull \hbox (11.53374pt too wide) in paragraph at lines 98--107
 [][] 
 []


Overfull \hbox (11.53374pt too wide) in paragraph at lines 98--107
 [] 
 []


Overfull \hbox (11.53374pt too wide) in paragraph at lines 98--107
 [] 
 []

<image/macro/spec.png, id=59, 688.974pt x 406.6392pt>
File: image/macro/spec.png Graphic file (type png)

<use image/macro/spec.png>
Package pdftex.def Info: image/macro/spec.png used on input line 122.
(pdftex.def)             Requested size: 234.87749pt x 138.62158pt.

Overfull \hbox (9.03374pt too wide) in paragraph at lines 122--122
 [][] 
 []


Underfull \hbox (badness 1831) in paragraph at lines 127--129
\OT1/ptm/m/n/10 they are al-l in-voked with EXAMPLE-linux64-ia32-
 []

<image/macro/lmbench.png, id=60, 688.974pt x 406.6392pt>
File: image/macro/lmbench.png Graphic file (type png)

<use image/macro/lmbench.png>
Package pdftex.def Info: image/macro/lmbench.png used on input line 133.
(pdftex.def)             Requested size: 234.87749pt x 138.62158pt.

Overfull \hbox (9.03374pt too wide) in paragraph at lines 133--133
 [][] 
 []

[8 <D:/documents/security/IOMMU_PV14/FastIO/doc/paper/paper_latex/fastio_v5/ima
ge/micro/dyn_PGDpool.png> <D:/documents/security/IOMMU_PV14/FastIO/doc/paper/pa
per_latex/fastio_v5/image/micro/dyn_PMDpool.png> <D:/documents/security/IOMMU_P
V14/FastIO/doc/paper/paper_latex/fastio_v5/image/micro/dyn_PTEpool.png>]
<image/macro/netperf.png, id=67, 600.8046pt x 225.9642pt>
File: image/macro/netperf.png Graphic file (type png)

<use image/macro/netperf.png>
Package pdftex.def Info: image/macro/netperf.png used on input line 144.
(pdftex.def)             Requested size: 234.87749pt x 88.336pt.

Overfull \hbox (9.03374pt too wide) in paragraph at lines 144--144
 [][] 
 []

Missing character: There is no â in font ptmr7t!
Missing character: There is no € in font ptmr7t!
Missing character: There is no ™ in font ptmr7t!
)
(D:\documents\security\IOMMU_PV14\FastIO\doc\paper\paper_latex\fastio_v5\fastio
.bbl) [9 <D:/documents/security/IOMMU_PV14/FastIO/doc/paper/paper_latex/fastio_
v5/image/macro/spec.png> <D:/documents/security/IOMMU_PV14/FastIO/doc/paper/pap
er_latex/fastio_v5/image/macro/lmbench.png>
!pdfTeX error: pdflatex.exe: fflush() failed (Invalid argument)
 ==> Fatal error occurred, no output PDF file produced!
